build/intermediates/manifest_merge_blame_file/debug/manifest-merger-blame-debug-report.txt
1<?xml version="1.0" encoding="utf-8"?>
2<manifest xmlns:android="http://schemas.android.com/apk/res/android"
3    package="com.example.headermodules" >
4
5    <uses-sdk
6        android:minSdkVersion="21"
6-->src/main/AndroidManifest.xml
7        android:targetSdkVersion="31" />
7-->src/main/AndroidManifest.xml
8
9    <application>
9-->src/main/AndroidManifest.xml:5:5-7:19
10        <activity
10-->src/main/AndroidManifest.xml:6:9-79
11            android:name="com.example.headermodules.MainHeaderActivity"
11-->src/main/AndroidManifest.xml:6:19-53
12            android:exported="true" />
12-->src/main/AndroidManifest.xml:6:54-77
13    </application>
14
15</manifest>